QuestaSim-64 vcom 2022.2 Compiler 2022.04 Apr 25 2022
Start time: 16:31:13 on Dec 10,2022
vcom -2008 -work internal/ModelSimContainer/work proj/src/MIPS_types.vhd internal/testpy/tb.vhd proj/src/Hazard_Detector.vhd proj/src/ForwardingUnit.vhd proj/src/MIPS_Processor.vhd proj/src/MIPS_types.vhd proj/src/TopLevel/MEMStage.vhd proj/src/TopLevel/mux32to1.vhd proj/src/TopLevel/barrel_shifter.vhd proj/src/TopLevel/tb_barrel_shifter.vhd proj/src/TopLevel/onesComp.vhd proj/src/TopLevel/newALU.vhd proj/src/TopLevel/adderSubtractor.vhd proj/src/TopLevel/extender.vhd proj/src/TopLevel/EXStage.vhd proj/src/TopLevel/ALU.vhd proj/src/TopLevel/regFile.vhd proj/src/TopLevel/fullAdder.vhd proj/src/TopLevel/mem.vhd proj/src/TopLevel/MIPS_types.vhd proj/src/TopLevel/invg.vhd proj/src/TopLevel/IFStage.vhd proj/src/TopLevel/tb_control.vhd proj/src/TopLevel/tb_newALU.vhd proj/src/TopLevel/org2.vhd proj/src/TopLevel/mux2t1.vhd proj/src/TopLevel/dffg.vhd proj/src/TopLevel/pc.vhd proj/src/TopLevel/rippleAdder.vhd proj/src/TopLevel/mux2t1_N.vhd proj/src/TopLevel/andg2.vhd proj/src/TopLevel/control.vhd proj/src/TopLevel/decoder5to32.vhd proj/src/TopLevel/dffg_N.vhd proj/src/TopLevel/IDStage.vhd 
-- Loading package STANDARD
-- Loading package TEXTIO
-- Loading package std_logic_1164
-- Compiling package MIPS_types
-- Compiling package body MIPS_types
-- Loading package MIPS_types
-- Loading package std_logic_textio
-- Loading package ENV
-- Compiling entity tb
-- Compiling architecture mixed of tb
-- Compiling entity Hazard_Detector
-- Compiling architecture Behavioral of Hazard_Detector
-- Compiling entity ForwardingUnit
-- Compiling architecture structure of ForwardingUnit
-- Loading package std_logic_arith
-- Loading package STD_LOGIC_UNSIGNED
-- Loading package MIPS_types
-- Loading package NUMERIC_STD
-- Compiling entity MIPS_Processor
-- Compiling architecture structure of MIPS_Processor
** Error: proj/src/MIPS_Processor.vhd(499): (vcom-1136) Unknown identifier "s_WBDMemData".
** Note: proj/src/MIPS_Processor.vhd(538): VHDL Compiler exiting
End time: 16:31:13 on Dec 10,2022, Elapsed time: 0:00:00
Errors: 1, Warnings: 0
