Reading pref.tcl

# 2022.2

# vsim -postsimdataflow -debugdb -c -voptargs=""+acc"" tb -do "modelsim_framework.do" -gOUTPUT_TRACE=ms.trace 
# Start time: 16:59:41 on Dec 02,2022
# ** Note: (vsim-3812) Design is being optimized...
# ** Note: (vsim-8611) Generating debug db.
# ** Warning: (vopt-10587) Some optimizations are turned off because the +acc switch is in effect. This will cause your simulation to run slowly. Please use -access/-debug to maintain needed visibility.
# ** Note: (vopt-4301) Memory core inferred for signal 'ram' width=32, depth=524288, type=RAM at location proj/src/TopLevel/mem.vhd:35
# ** Note: (vopt-4301) Memory core inferred for signal 'ram' width=32, depth=1024, type=RAM at location proj/src/TopLevel/mem.vhd:35
# ** Warning: ../../proj/src/TopLevel/barrel_shifter.vhd(50): (vopt-1152) Index value 47 is out of index range 31 downto 0 of ieee.std_logic_1164.STD_LOGIC_VECTOR.
# ** Warning: ../../proj/src/TopLevel/barrel_shifter.vhd(50): (vopt-1152) Index value 46 is out of index range 31 downto 0 of ieee.std_logic_1164.STD_LOGIC_VECTOR.
# ** Warning: ../../proj/src/TopLevel/barrel_shifter.vhd(50): (vopt-1152) Index value 45 is out of index range 31 downto 0 of ieee.std_logic_1164.STD_LOGIC_VECTOR.
# ** Warning: ../../proj/src/TopLevel/barrel_shifter.vhd(50): (vopt-1152) Index value 44 is out of index range 31 downto 0 of ieee.std_logic_1164.STD_LOGIC_VECTOR.
# ** Warning: ../../proj/src/TopLevel/barrel_shifter.vhd(50): (vopt-1152) Index value 43 is out of index range 31 downto 0 of ieee.std_logic_1164.STD_LOGIC_VECTOR.
# ** Warning: ../../proj/src/TopLevel/barrel_shifter.vhd(50): (vopt-1152) Index value 42 is out of index range 31 downto 0 of ieee.std_logic_1164.STD_LOGIC_VECTOR.
# ** Warning: ../../proj/src/TopLevel/barrel_shifter.vhd(50): (vopt-1152) Index value 41 is out of index range 31 downto 0 of ieee.std_logic_1164.STD_LOGIC_VECTOR.
# ** Warning: ../../proj/src/TopLevel/barrel_shifter.vhd(50): (vopt-1152) Index value 40 is out of index range 31 downto 0 of ieee.std_logic_1164.STD_LOGIC_VECTOR.
# ** Warning: ../../proj/src/TopLevel/barrel_shifter.vhd(50): (vopt-1152) Index value 39 is out of index range 31 downto 0 of ieee.std_logic_1164.STD_LOGIC_VECTOR.
# ** Warning: ../../proj/src/TopLevel/barrel_shifter.vhd(50): (vopt-1152) Index value 38 is out of index range 31 downto 0 of ieee.std_logic_1164.STD_LOGIC_VECTOR.
# ** Warning: ../../proj/src/TopLevel/barrel_shifter.vhd(50): (vopt-1152) Index value 37 is out of index range 31 downto 0 of ieee.std_logic_1164.STD_LOGIC_VECTOR.
# ** Warning: ../../proj/src/TopLevel/barrel_shifter.vhd(50): (vopt-1152) Index value 36 is out of index range 31 downto 0 of ieee.std_logic_1164.STD_LOGIC_VECTOR.
# ** Warning: ../../proj/src/TopLevel/barrel_shifter.vhd(50): (vopt-1152) Index value 35 is out of index range 31 downto 0 of ieee.std_logic_1164.STD_LOGIC_VECTOR.
# ** Warning: ../../proj/src/TopLevel/barrel_shifter.vhd(50): (vopt-1152) Index value 34 is out of index range 31 downto 0 of ieee.std_logic_1164.STD_LOGIC_VECTOR.
# ** Warning: ../../proj/src/TopLevel/barrel_shifter.vhd(50): (vopt-1152) Index value 33 is out of index range 31 downto 0 of ieee.std_logic_1164.STD_LOGIC_VECTOR.
# ** Warning: ../../proj/src/TopLevel/barrel_shifter.vhd(50): (vopt-1152) Index value 32 is out of index range 31 downto 0 of ieee.std_logic_1164.STD_LOGIC_VECTOR.
# ** Warning: ../../proj/src/TopLevel/barrel_shifter.vhd(59): (vopt-1152) Index value 39 is out of index range 31 downto 0 of ieee.std_logic_1164.STD_LOGIC_VECTOR.
# ** Warning: ../../proj/src/TopLevel/barrel_shifter.vhd(59): (vopt-1152) Index value 38 is out of index range 31 downto 0 of ieee.std_logic_1164.STD_LOGIC_VECTOR.
# ** Warning: ../../proj/src/TopLevel/barrel_shifter.vhd(59): (vopt-1152) Index value 37 is out of index range 31 downto 0 of ieee.std_logic_1164.STD_LOGIC_VECTOR.
# ** Warning: ../../proj/src/TopLevel/barrel_shifter.vhd(59): (vopt-1152) Index value 36 is out of index range 31 downto 0 of ieee.std_logic_1164.STD_LOGIC_VECTOR.
# ** Warning: ../../proj/src/TopLevel/barrel_shifter.vhd(59): (vopt-1152) Index value 35 is out of index range 31 downto 0 of ieee.std_logic_1164.STD_LOGIC_VECTOR.
# ** Warning: ../../proj/src/TopLevel/barrel_shifter.vhd(59): (vopt-1152) Index value 34 is out of index range 31 downto 0 of ieee.std_logic_1164.STD_LOGIC_VECTOR.
# ** Warning: ../../proj/src/TopLevel/barrel_shifter.vhd(59): (vopt-1152) Index value 33 is out of index range 31 downto 0 of ieee.std_logic_1164.STD_LOGIC_VECTOR.
# ** Warning: ../../proj/src/TopLevel/barrel_shifter.vhd(59): (vopt-1152) Index value 32 is out of index range 31 downto 0 of ieee.std_logic_1164.STD_LOGIC_VECTOR.
# ** Warning: ../../proj/src/TopLevel/barrel_shifter.vhd(68): (vopt-1152) Index value 35 is out of index range 31 downto 0 of ieee.std_logic_1164.STD_LOGIC_VECTOR.
# ** Warning: ../../proj/src/TopLevel/barrel_shifter.vhd(68): (vopt-1152) Index value 34 is out of index range 31 downto 0 of ieee.std_logic_1164.STD_LOGIC_VECTOR.
# ** Warning: ../../proj/src/TopLevel/barrel_shifter.vhd(68): (vopt-1152) Index value 33 is out of index range 31 downto 0 of ieee.std_logic_1164.STD_LOGIC_VECTOR.
# ** Warning: ../../proj/src/TopLevel/barrel_shifter.vhd(68): (vopt-1152) Index value 32 is out of index range 31 downto 0 of ieee.std_logic_1164.STD_LOGIC_VECTOR.
# ** Warning: ../../proj/src/TopLevel/barrel_shifter.vhd(77): (vopt-1152) Index value 33 is out of index range 31 downto 0 of ieee.std_logic_1164.STD_LOGIC_VECTOR.
# ** Warning: ../../proj/src/TopLevel/barrel_shifter.vhd(77): (vopt-1152) Index value 32 is out of index range 31 downto 0 of ieee.std_logic_1164.STD_LOGIC_VECTOR.
# ** Warning: ../../proj/src/TopLevel/barrel_shifter.vhd(86): (vopt-1152) Index value 32 is out of index range 31 downto 0 of ieee.std_logic_1164.STD_LOGIC_VECTOR.
# ** Note: (vsim-12126) Error and warning message counts have been restored: Errors=0, Warnings=32.
# //  Questa Sim-64
# //  Version 2022.2 linux_x86_64 Apr 25 2022
# //
# //  Copyright 1991-2022 Mentor Graphics Corporation
# //  All Rights Reserved.
# //
# //  QuestaSim and its associated documentation contain trade
# //  secrets and commercial or financial information that are the property of
# //  Mentor Graphics Corporation and are privileged, confidential,
# //  and exempt from disclosure under the Freedom of Information Act,
# //  5 U.S.C. Section 552. Furthermore, this information
# //  is prohibited from disclosure under the Trade Secrets Act,
# //  18 U.S.C. Section 1905.
# //
# Loading std.standard
# Loading std.textio(body)
# Loading ieee.std_logic_1164(body)
# Loading ieee.std_logic_textio(body)
# Loading std.env(body)
# Loading work.tb(mixed)#1
# Loading ieee.std_logic_arith(body)
# Loading ieee.std_logic_unsigned(body)
# Loading work.mips_types(body)
# Loading ieee.numeric_std(body)
# Loading work.mips_processor(structure)#1
# Loading work.mem(rtl)#1
# Loading work.mem(rtl)#2
# Loading work.mux2t1_n(structural)#1
# Loading work.mux2t1(structural)#1
# Loading work.andg2(dataflow)#1
# Loading work.invg(dataflow)#1
# Loading work.org2(dataflow)#1
# Loading work.pc(structural)#1
# Loading work.dffg(mixed)#1
# Loading work.mux2t1_n(structural)#2
# Loading work.regfile(structural)#1
# Loading work.decoder5to32(structural)#1
# Loading work.dffg_n(structural)#1
# Loading work.mux32to1(structural)#1
# Loading work.extender(structural)#1
# Loading work.newalu(mixed)#1
# Loading work.barrel_shifter(structural)#1
# Loading work.addersubtractor(structural)#1
# Loading work.onescomp(structural)#1
# Loading work.rippleadder(structural)#1
# Loading work.fulladder(structure)#1
# Loading work.control(structural)#1
# ** Note: (vsim-8900) Creating design debug database vsim.dbg.
# do modelsim_framework.do
# ** Warning: There is an 'U'|'X'|'W'|'Z'|'-' in an arithmetic operand, the result will be 'X'(es).
#    Time: 0 ns  Iteration: 0  Instance: /tb/MyMips
# ** Warning: There is an 'U'|'X'|'W'|'Z'|'-' in an arithmetic operand, the result will be 'X'(es).
#    Time: 0 ns  Iteration: 0  Instance: /tb/MyMips
# ** Warning: There is an 'U'|'X'|'W'|'Z'|'-' in an arithmetic operand, the result will be 'X'(es).
#    Time: 0 ns  Iteration: 0  Instance: /tb/MyMips
# ** Warning: There is an 'U'|'X'|'W'|'Z'|'-' in an arithmetic operand, the result will be 'X'(es).
#    Time: 0 ns  Iteration: 0  Instance: /tb/MyMips
# ** Warning: There is an 'U'|'X'|'W'|'Z'|'-' in an arithmetic operand, the result will be 'X'(es).
#    Time: 0 ns  Iteration: 0  Instance: /tb/MyMips
# ** Warning: There is an 'U'|'X'|'W'|'Z'|'-' in an arithmetic operand, the result will be 'X'(es).
#    Time: 0 ns  Iteration: 0  Instance: /tb/MyMips
# ** Warning: NUMERIC_STD.TO_INTEGER: metavalue detected, returning 0
#    Time: 0 ns  Iteration: 0  Instance: /tb/MyMips/DMem
# ** Warning: NUMERIC_STD.TO_INTEGER: metavalue detected, returning 0
#    Time: 0 ns  Iteration: 0  Instance: /tb/MyMips/IMem
# ** Warning: There is an 'U'|'X'|'W'|'Z'|'-' in an arithmetic operand, the result will be 'X'(es).
#    Time: 0 ns  Iteration: 1  Instance: /tb/MyMips
# ** Warning: There is an 'U'|'X'|'W'|'Z'|'-' in an arithmetic operand, the result will be 'X'(es).
#    Time: 0 ns  Iteration: 1  Instance: /tb/MyMips
# ** Warning: There is an 'U'|'X'|'W'|'Z'|'-' in an arithmetic operand, the result will be 'X'(es).
#    Time: 0 ns  Iteration: 1  Instance: /tb/MyMips
# ** Warning: There is an 'U'|'X'|'W'|'Z'|'-' in an arithmetic operand, the result will be 'X'(es).
#    Time: 0 ns  Iteration: 1  Instance: /tb/MyMips
# ** Warning: There is an 'U'|'X'|'W'|'Z'|'-' in an arithmetic operand, the result will be 'X'(es).
#    Time: 0 ns  Iteration: 2  Instance: /tb/MyMips
# ** Warning: There is an 'U'|'X'|'W'|'Z'|'-' in an arithmetic operand, the result will be 'X'(es).
#    Time: 0 ns  Iteration: 2  Instance: /tb/MyMips
# ** Warning: NUMERIC_STD.TO_INTEGER: metavalue detected, returning 0
#    Time: 0 ns  Iteration: 3  Instance: /tb/MyMips/DMem
# ** Warning: There is an 'U'|'X'|'W'|'Z'|'-' in an arithmetic operand, the result will be 'X'(es).
#    Time: 0 ns  Iteration: 3  Instance: /tb/MyMips
# ** Warning: There is an 'U'|'X'|'W'|'Z'|'-' in an arithmetic operand, the result will be 'X'(es).
#    Time: 5 ns  Iteration: 4  Instance: /tb/MyMips
# ** Warning: There is an 'U'|'X'|'W'|'Z'|'-' in an arithmetic operand, the result will be 'X'(es).
#    Time: 5 ns  Iteration: 4  Instance: /tb/MyMips
# ** Note: Data structure takes 871429968 bytes of memory
#          Process time 0.39 seconds
#          stop
#    Time: 460 ns  Iteration: 1  Instance: /tb
# Break in Process P_DUMP_STATE at /home/jehess/cpre381/cpre381-toolflow1/internal/testpy/tb.vhd line 150
# Stopped at /home/jehess/cpre381/cpre381-toolflow1/internal/testpy/tb.vhd line 150
# End time: 16:59:45 on Dec 02,2022, Elapsed time: 0:00:04
# Errors: 0, Warnings: 50
